[master 3ae705b] First update
 1 file changed, 0 insertions(+), 0 deletions(-)
 create mode 100644 scripts/update.log
Already up to date.
[master 2a1f8f7] Update feeds
 1 file changed, 4 insertions(+)
Feeds updated
[master ffe0ae1] First update
 1 file changed, 3 insertions(+)
Already up to date.
feeds.rb:14: warning: calling URI.open via Kernel#open is deprecated, call URI.open directly or use URI#open
feeds.rb:14: warning: calling URI.open via Kernel#open is deprecated, call URI.open directly or use URI#open
feeds.rb:14: warning: calling URI.open via Kernel#open is deprecated, call URI.open directly or use URI#open
/usr/lib/ruby/2.7.0/open-uri.rb:387:in `open_http': 304 Not Modified (OpenURI::HTTPError)
	from /usr/lib/ruby/2.7.0/open-uri.rb:764:in `buffer_open'
	from /usr/lib/ruby/2.7.0/open-uri.rb:235:in `block in open_loop'
	from /usr/lib/ruby/2.7.0/open-uri.rb:233:in `catch'
	from /usr/lib/ruby/2.7.0/open-uri.rb:233:in `open_loop'
	from /usr/lib/ruby/2.7.0/open-uri.rb:174:in `open_uri'
	from /usr/lib/ruby/2.7.0/open-uri.rb:744:in `open'
	from /usr/lib/ruby/2.7.0/open-uri.rb:50:in `open'
	from /usr/lib/ruby/2.7.0/open-uri.rb:19:in `open'
	from feeds.rb:14:in `block in <main>'
	from feeds.rb:9:in `each'
	from feeds.rb:9:in `<main>'
[master 8af3738] Update feeds
 1 file changed, 18 insertions(+)
To github.com:MattKevan/uxlift.git
   2a1f8f7..8af3738  master -> master
Feeds updated
/bin/sh: 1: ./home/pi/Sites/uxlift/scripts/feeds-update.sh: not found
On branch master
Your branch is up to date with 'origin/master'.

nothing to commit, working tree clean
git@github.com: Permission denied (publickey).
fatal: Could not read from remote repository.

Please make sure you have the correct access rights
and the repository exists.
feeds.rb:14: warning: calling URI.open via Kernel#open is deprecated, call URI.open directly or use URI#open
feeds.rb:14: warning: calling URI.open via Kernel#open is deprecated, call URI.open directly or use URI#open
feeds.rb:14: warning: calling URI.open via Kernel#open is deprecated, call URI.open directly or use URI#open
feeds.rb:14: warning: calling URI.open via Kernel#open is deprecated, call URI.open directly or use URI#open
feeds.rb:14: warning: calling URI.open via Kernel#open is deprecated, call URI.open directly or use URI#open
feeds.rb:14: warning: calling URI.open via Kernel#open is deprecated, call URI.open directly or use URI#open
feeds.rb:14: warning: calling URI.open via Kernel#open is deprecated, call URI.open directly or use URI#open
feeds.rb:14: warning: calling URI.open via Kernel#open is deprecated, call URI.open directly or use URI#open
feeds.rb:14: warning: calling URI.open via Kernel#open is deprecated, call URI.open directly or use URI#open
feeds.rb:14: warning: calling URI.open via Kernel#open is deprecated, call URI.open directly or use URI#open
feeds.rb:14: warning: calling URI.open via Kernel#open is deprecated, call URI.open directly or use URI#open
feeds.rb:14: warning: calling URI.open via Kernel#open is deprecated, call URI.open directly or use URI#open
feeds.rb:14: warning: calling URI.open via Kernel#open is deprecated, call URI.open directly or use URI#open
